C51 COMPILER V9.54   24C02                                                                 06/19/2024 15:46:34 PAGE 1   


C51 COMPILER V9.54, COMPILATION OF MODULE 24C02
OBJECT MODULE PLACED IN .\Obj\24c02.obj
COMPILER INVOKED BY: D:\Keiluvision5MDK\keil_5_mdk\C51\BIN\C51.EXE App\24c02\24c02.c OPTIMIZE(8,SPEED) BROWSE INCDIR(.\A
                    -pp;.\Public;.\User;.\App\24c02;.\App\iic;.\App\key;.\App\smg) DEBUG OBJECTEXTEND PRINT(.\24c02.lst) TABS(2) OBJECT(.\Obj
                    -\24c02.obj)

line level    source

   1          #include "24c02.h"
   2          #include "iic.h"
   3          
   4          
   5          
   6          void at24c02_write_one_byte(u8 addr,u8 dat)
   7          {                                                    
   8   1          iic_start();  
   9   1          iic_write_byte(0XA0); //发送写命令          
  10   1          iic_wait_ack();    
  11   1          iic_write_byte(addr); //发送写地址   
  12   1          iic_wait_ack();                                
  13   1          iic_write_byte(dat);  //发送字节                     
  14   1          iic_wait_ack();              
  15   1          iic_stop();       //产生一个停止条件
  16   1          delay_ms(10);  
  17   1      }
  18          
  19          
  20          u8 at24c02_read_one_byte(u8 addr)
  21          {         
  22   1          u8 temp=0;                                             
  23   1          iic_start();  
  24   1          iic_write_byte(0XA0); //发送写命令     
  25   1          iic_wait_ack(); 
  26   1          iic_write_byte(addr);   //发送写地址  
  27   1          iic_wait_ack();     
  28   1          iic_start();         
  29   1          iic_write_byte(0XA1);   //进入接收模式                 
  30   1          iic_wait_ack();  
  31   1          temp=iic_read_byte(0);  //读取字节       
  32   1          iic_stop();       //产生一个停止条件    
  33   1          return temp;      //返回读取的数据
  34   1      }
  35          
  36          
  37          


MODULE INFORMATION:   STATIC OVERLAYABLE
   CODE SIZE        =     89    ----
   CONSTANT SIZE    =   ----    ----
   XDATA SIZE       =   ----    ----
   PDATA SIZE       =   ----    ----
   DATA SIZE        =   ----       4
   IDATA SIZE       =   ----    ----
   BIT SIZE         =   ----    ----
END OF MODULE INFORMATION.


C51 COMPILATION COMPLETE.  0 WARNING(S),  0 ERROR(S)
