C51 COMPILER V9.54   IIC                                                                   06/19/2024 15:46:34 PAGE 1   


C51 COMPILER V9.54, COMPILATION OF MODULE IIC
OBJECT MODULE PLACED IN .\Obj\iic.obj
COMPILER INVOKED BY: D:\Keiluvision5MDK\keil_5_mdk\C51\BIN\C51.EXE App\iic\iic.c OPTIMIZE(8,SPEED) BROWSE INCDIR(.\App;.
                    -\Public;.\User;.\App\24c02;.\App\iic;.\App\key;.\App\smg) DEBUG OBJECTEXTEND PRINT(.\iic.lst) TABS(2) OBJECT(.\Obj\iic.o
                    -bj)

line level    source

   1          #include "iic.h"
   2          
   3          
   4          void iic_start(void)
   5          {
   6   1        IIC_SDA=1;//如果把该条语句放在SCL后面，第二次读写会出现问题
   7   1        delay_10us(1);
   8   1        IIC_SCL=1;
   9   1        delay_10us(1);
  10   1        IIC_SDA=0;  //当SCL为高电平时，SDA由高变为低
  11   1        delay_10us(1);
  12   1        IIC_SCL=0;//钳住I2C总线，准备发送或接收数据
  13   1        delay_10us(1);
  14   1      }
  15          
  16          
  17          
  18          void iic_stop(void)
  19          { 
  20   1        IIC_SDA=0;//如果把该条语句放在SCL后面，第二次读写会出现问题
  21   1        delay_10us(1);
  22   1        IIC_SCL=1;
  23   1        delay_10us(1);
  24   1        IIC_SDA=1;  //当SCL为高电平时，SDA由低变为高
  25   1        delay_10us(1);      
  26   1      }
  27          
  28          
  29          
  30          void iic_ack(void)
  31          {
  32   1        IIC_SCL=0;
  33   1        IIC_SDA=0;  //SDA为低电平
  34   1        delay_10us(1);
  35   1        IIC_SCL=1;
  36   1        delay_10us(1);
  37   1        IIC_SCL=0;
  38   1      }
  39          
  40          
  41          
  42          void iic_nack(void)
  43          {
  44   1        IIC_SCL=0;
  45   1        IIC_SDA=1;  //SDA为高电平
  46   1        delay_10us(1);
  47   1        IIC_SCL=1;
  48   1        delay_10us(1);
  49   1        IIC_SCL=0;  
  50   1      }
  51          
  52          
  53          
C51 COMPILER V9.54   IIC                                                                   06/19/2024 15:46:34 PAGE 2   

  54          u8 iic_wait_ack(void)
  55          {
  56   1        u8 time_temp=0;
  57   1        
  58   1        IIC_SCL=1;
  59   1        delay_10us(1);
  60   1        while(IIC_SDA)  //等待SDA为低电平
  61   1        {
  62   2          time_temp++;
  63   2          if(time_temp>100)//超时则强制结束IIC通信
  64   2          { 
  65   3            iic_stop();
  66   3            return 1; 
  67   3          }     
  68   2        }
  69   1        IIC_SCL=0;
  70   1        return 0; 
  71   1      }
  72          
  73          
  74          
  75          void iic_write_byte(u8 dat)
  76          {                        
  77   1          u8 i=0; 
  78   1                
  79   1          IIC_SCL=0;
  80   1          for(i=0;i<8;i++)  //循环8次将一个字节传出，先传高再传低位
  81   1          {              
  82   2            if((dat&0x80)>0) 
  83   2              IIC_SDA=1;
  84   2            else
  85   2              IIC_SDA=0;
  86   2            dat<<=1;    
  87   2            delay_10us(1);  
  88   2            IIC_SCL=1;
  89   2            delay_10us(1); 
  90   2            IIC_SCL=0;  
  91   2            delay_10us(1);
  92   2          }  
  93   1      }
  94          
  95          
  96          u8 iic_read_byte(u8 ack)
  97          {
  98   1        u8 i=0,receive=0;
  99   1          
 100   1          for(i=0;i<8;i++ ) //循环8次将一个字节读出，先读高再传低位
 101   1          {
 102   2              IIC_SCL=0; 
 103   2              delay_10us(1);
 104   2              IIC_SCL=1;
 105   2              receive<<=1;
 106   2              if(IIC_SDA)receive++;   
 107   2              delay_10us(1); 
 108   2          }          
 109   1          if (!ack)
 110   1              iic_nack();
 111   1          else
 112   1              iic_ack();  
 113   1            
 114   1          return receive;
 115   1      }
C51 COMPILER V9.54   IIC                                                                   06/19/2024 15:46:34 PAGE 3   

 116          
 117          


MODULE INFORMATION:   STATIC OVERLAYABLE
   CODE SIZE        =    270    ----
   CONSTANT SIZE    =   ----    ----
   XDATA SIZE       =   ----    ----
   PDATA SIZE       =   ----    ----
   DATA SIZE        =   ----       6
   IDATA SIZE       =   ----    ----
   BIT SIZE         =   ----    ----
END OF MODULE INFORMATION.


C51 COMPILATION COMPLETE.  0 WARNING(S),  0 ERROR(S)
