C51 COMPILER V9.54   MAIN                                                                  06/19/2024 15:46:34 PAGE 1   


C51 COMPILER V9.54, COMPILATION OF MODULE MAIN
OBJECT MODULE PLACED IN .\Obj\main.obj
COMPILER INVOKED BY: D:\Keiluvision5MDK\keil_5_mdk\C51\BIN\C51.EXE User\main.c OPTIMIZE(8,SPEED) BROWSE INCDIR(.\App;.\P
                    -ublic;.\User;.\App\24c02;.\App\iic;.\App\key;.\App\smg) DEBUG OBJECTEXTEND PRINT(.\main.lst) TABS(2) OBJECT(.\Obj\main.o
                    -bj)

line level    source

   1          #include "public.h"
   2          #include "24c02.h"
   3          #include "key.h"
   4          #include "smg.h"
   5          
   6          
   7          #define EEPROM_ADDRESS  0 //定义数据存入EEPROM的起始地址
   8          
   9          
  10          void main()
  11          {
  12   1        
  13   1        u8 key_temp = 0;
  14   1        u8 save_value = 0;
  15   1        
  16   1        while(1)
  17   1        {
  18   2          key_temp = key_scan(0);
  19   2          if(key_temp == 1)
  20   2          {
  21   3            at24c02_write_one_byte(EEPROM_ADDRESS,save_value);
  22   3          }
  23   2          else if(key_temp == 2)
  24   2          {
  25   3            save_value=at24c02_read_one_byte(EEPROM_ADDRESS);
  26   3          }
  27   2          else if(key_temp == 3)
  28   2          {
  29   3            save_value++;
  30   3            if(save_value==255)save_value=255;
  31   3          }
  32   2          else if(key_temp == 4)
  33   2          {
  34   3            save_value=0; 
  35   3          }
  36   2          
  37   2          smg(save_value);
  38   2        }
  39   1      }
  40          
  41          


MODULE INFORMATION:   STATIC OVERLAYABLE
   CODE SIZE        =     72    ----
   CONSTANT SIZE    =   ----    ----
   XDATA SIZE       =   ----    ----
   PDATA SIZE       =   ----    ----
   DATA SIZE        =   ----       2
   IDATA SIZE       =   ----    ----
   BIT SIZE         =   ----    ----
END OF MODULE INFORMATION.


C51 COMPILATION COMPLETE.  0 WARNING(S),  0 ERROR(S)
