C51 COMPILER V9.54   PUBLIC                                                                06/19/2024 15:46:34 PAGE 1   


C51 COMPILER V9.54, COMPILATION OF MODULE PUBLIC
OBJECT MODULE PLACED IN .\Obj\public.obj
COMPILER INVOKED BY: D:\Keiluvision5MDK\keil_5_mdk\C51\BIN\C51.EXE Public\public.c OPTIMIZE(8,SPEED) BROWSE INCDIR(.\App
                    -;.\Public;.\User;.\App\24c02;.\App\iic;.\App\key;.\App\smg) DEBUG OBJECTEXTEND PRINT(.\public.lst) TABS(2) OBJECT(.\Obj\
                    -public.obj)

line level    source

   1          #include "public.h"
   2          
   3          void delay_10us(u16 ten_us)
   4          {
   5   1        while(ten_us--);  
   6   1      }
   7          void delay_ms(u16 ms)
   8          {
   9   1        u16 i,j;
  10   1        for(i=ms;i>0;i--)
  11   1          for(j=110;j>0;j--);
  12   1      }
  13            
  14            


MODULE INFORMATION:   STATIC OVERLAYABLE
   CODE SIZE        =     41    ----
   CONSTANT SIZE    =   ----    ----
   XDATA SIZE       =   ----    ----
   PDATA SIZE       =   ----    ----
   DATA SIZE        =   ----    ----
   IDATA SIZE       =   ----    ----
   BIT SIZE         =   ----    ----
END OF MODULE INFORMATION.


C51 COMPILATION COMPLETE.  0 WARNING(S),  0 ERROR(S)
