C51 COMPILER V9.54   SMG                                                                   06/19/2024 15:46:34 PAGE 1   


C51 COMPILER V9.54, COMPILATION OF MODULE SMG
OBJECT MODULE PLACED IN .\Obj\smg.obj
COMPILER INVOKED BY: D:\Keiluvision5MDK\keil_5_mdk\C51\BIN\C51.EXE App\smg\smg.c OPTIMIZE(8,SPEED) BROWSE INCDIR(.\App;.
                    -\Public;.\User;.\App\24c02;.\App\iic;.\App\key;.\App\smg) DEBUG OBJECTEXTEND PRINT(.\smg.lst) TABS(2) OBJECT(.\Obj\smg.o
                    -bj)

line level    source

   1          #include "smg.h"
   2          #include "public.h"
   3          
   4          //共阴极数码管显示0~F的段码数据
   5          u8 gsmg_code[17]={0x3f,0x06,0x5b,0x4f,0x66,0x6d,0x7d,0x07,
   6                  0x7f,0x6f,0x77,0x7c,0x39,0x5e,0x79,0x71};
   7          
   8          void smg_display(u8 w , u8 n)
   9          {
  10   1          switch(w)//位选
  11   1        {
  12   2          case 0: LSC=1;LSB=1;LSA=1;break;
  13   2          case 1: LSC=1;LSB=1;LSA=0;break;
  14   2          case 2: LSC=1;LSB=0;LSA=1;break;
  15   2          case 3: LSC=1;LSB=0;LSA=0;break;
  16   2          case 4: LSC=0;LSB=1;LSA=1;break;
  17   2          case 5: LSC=0;LSB=1;LSA=0;break;
  18   2          case 6: LSC=0;LSB=0;LSA=1;break;
  19   2          case 7: LSC=0;LSB=0;LSA=0;break;
  20   2        }
  21   1        SMG_A_DP_PORT=gsmg_code[n];//传送段选数据
  22   1        delay_10us(100);//延时一段时间，等待显示稳定
  23   1        SMG_A_DP_PORT=0x00;//消音
  24   1      }
  25          
  26          void smg(u8  num)
  27          {
  28   1          int i=0;
  29   1          for (i = 0; i < 10; i++) // 通过循环刷新显示
  30   1          { 
  31   2              smg_display( 7 , num % 10);
  32   2              smg_display( 6 , (num % 100) / 10);
  33   2              smg_display( 5 , (num % 1000) / 100);
  34   2          }
  35   1      }


MODULE INFORMATION:   STATIC OVERLAYABLE
   CODE SIZE        =    194    ----
   CONSTANT SIZE    =   ----    ----
   XDATA SIZE       =   ----    ----
   PDATA SIZE       =   ----    ----
   DATA SIZE        =     17       3
   IDATA SIZE       =   ----    ----
   BIT SIZE         =   ----    ----
END OF MODULE INFORMATION.


C51 COMPILATION COMPLETE.  0 WARNING(S),  0 ERROR(S)
